digraph path {
	node [label="\N"];
	graph [bb="0,0,270.61,320"];
	0 [pos="81.607,301", width="0.75", height="0.52778"];
	2 [pos="36.607,19", width="0.75", height="0.52778"];
	4 [pos="243.61,19", width="0.75", height="0.52778"];
	1 [pos="81.607,207", width="0.75", height="0.52778"];
	3 [pos="120.61,113", width="0.75", height="0.52778"];
	1 -> 0 [label="  1.0", pos="e,68.464,284.26 68.464,223.74 64.49,229.78 60.642,236.87 58.607,244 56.167,252.55 56.167,255.45 58.607,264 59.72,267.9 61.375,271.79\
 63.296,275.5", lp="71.107,254"];
	4 -> 3 [label="  1.0", pos="e,145.08,104.49 232.61,36.434 224.19,48.707 211.66,64.868 197.61,76 184.76,86.175 168.66,94.46 154.5,100.59", lp="229.11,66"];
	3 -> 4 [label="  1.0", pos="e,219.52,27.882 132.27,95.638 141.15,83.399 154.25,67.25 168.61,56 181.02,46.272 196.41,38.138 210,31.996", lp="181.11,66"];
	3 -> 1 [label="  1.0", pos="e,103.24,195.1 127.35,131.54 130.42,143.12 132.26,158.03 126.61,170 123.14,177.33 117.44,183.7 111.23,188.99", lp="142.11,160"];
	1 -> 3 [label="  1.0", pos="e,95.865,120.9 67.176,190.5 58.802,178.82 51.231,162.99 58.607,150 64.845,139.01 75.78,130.94 86.747,125.2", lp="71.107,160"];
	3 -> 2 [label=" 10.0", pos="e,60.153,28.446 116.7,94.173 113.45,82.2 107.84,66.947 98.607,56 90.67,46.587 79.696,38.95 69.184,33.113", lp="123.61,66"];
	2 -> 3 [label=" 10.0", pos="e,99.022,101.55 43.651,37.606 48.777,49.488 56.571,64.723 66.607,76 73.393,83.624 82.063,90.452 90.46,96.104", lp="80.607,66"];
	2 -> 1 [label=" 10.0", pos="e,66.365,191.22 35.061,38.047 33.426,67.622 33.311,125.78 52.607,170 54.585,174.53 57.249,178.99 60.166,183.15", lp="54.607,113"];
	0 -> 1 [label="  1.0", pos="e,58.449,216.82 58.449,291.18 47.271,285.11 34.938,276.14 28.607,264 24.497,256.12 24.497,251.88 28.607,244 33.306,234.99 41.311\
,227.73 49.696,222.1", lp="41.107,254"];
	1 -> 2 [label=" 10.0", pos="e,24.75,36.238 61.275,194.45 42.438,181.48 15.709,159.32 4.6075,132 -7.1329,103.11 6.5733,68.413 19.513,45.155", lp="18.607,113"];
	4 -> 3 [color=blue, pos="e,146.78,107.8 242.21,37.986 243.61,50.024 244.61,65.29 236.61,76 226.66,89.318 186.97,99.534 156.65,105.82"];
	3 -> 1 [color=blue, pos="e,83.951,187.98 108.17,130.1 101.13,143.5 92.954,162.46 87.281,178.19"];
	1 -> 0 [color=blue, pos="e,74.246,282.56 74.246,225.44 74.131,231.36 74.444,237.96 74.607,244 74.847,252.89 74.847,255.11 74.607,264 74.533,266.74 74.429\
,269.59 74.347,272.44"];
	3 -> 2 [color=blue, pos="e,37.392,38.163 95.447,105.56 80.31,99.836 61.856,90.412 50.607,76 44.438,68.095 40.943,57.845 38.978,48.221"];
	4 -> 3 [color=red, pos="e,147.41,109.82 256.72,35.624 261.44,47.969 263.14,64.576 254.61,76 243.27,91.183 193.27,102.34 157.53,108.23"];
	3 -> 1 [color=red, pos="e,94.125,189.76 118.25,132.07 113.81,146.07 106.05,165.25 98.65,180.7"];
	1 -> 0 [color=red, pos="e,91.305,282.94 91.305,225.06 92.118,231.08 92.441,237.83 92.607,244 92.847,252.89 92.847,255.11 92.607,264 92.529,266.89 92.417\
,269.91 92.236,272.93"];
}
