digraph tree {
	node [label="\N"];
	graph [bb="0,0,266.06,320"];
	0 [pos="73.062,301", width="0.75", height="0.52778"];
	2 [pos="61.062,19", width="0.75", height="0.52778"];
	4 [pos="221.06,19", width="0.75", height="0.52778"];
	1 [pos="73.062,207", width="0.75", height="0.52778"];
	3 [pos="156.06,113", width="0.75", height="0.52778"];
	1 -> 0 [label="  1.0", pos="e,59.919,284.26 59.919,223.74 55.944,229.78 52.097,236.87 50.062,244 47.622,252.55 47.622,255.45 50.062,264 51.175,267.9 52.83,271.79\
 54.751,275.5", lp="62.562,254"];
	4 -> 3 [label="  1.0", pos="e,175.54,99.605 216.34,37.847 212.81,49.537 207.19,64.471 199.06,76 194.69,82.197 189.06,88.013 183.32,93.118", lp="221.56,66"];
	3 -> 4 [label="  1.0", pos="e,233.2,36.023 182.41,108.8 201.44,104.24 225.86,94.892 238.06,76 244.07,66.702 242.06,55.197 237.7,44.964", lp="253.56,66"];
	3 -> 1 [label="  1.0", pos="e,98.484,200.19 156.47,132.14 155.8,144.08 153.16,159.19 145.06,170 135.9,182.21 121.55,190.73 108.07,196.48", lp="165.56,160"];
	1 -> 3 [label="  1.0", pos="e,138.68,127.85 84.914,189.67 93.156,178.03 104.67,162.59 116.06,150 120.75,144.82 126.07,139.54 131.26,134.66", lp="128.56,160"];
	3 -> 2 [label=" 10.0", pos="e,69.063,37.237 133.35,102.64 121.01,96.212 106.06,87.076 95.062,76 86.548,67.422 79.303,56.305 73.716,46.168", lp="109.06,66"];
	2 -> 3 [label=" 10.0", pos="e,148.43,94.729 84.206,29.237 96.776,35.619 111.97,44.758 123.06,56 131.49,64.537 138.55,75.647 143.95,85.789", lp="152.06,66"];
	2 -> 1 [label=" 10.0", pos="e,55.573,192.43 45.721,34.8 26.706,56.385 -1.721,96.473 11.062,132 18.494,152.66 34.355,171.66 48.173,185.38", lp="25.062,113"];
	0 -> 1 [label="  1.0", pos="e,49.903,216.82 49.903,291.18 38.726,285.11 26.392,276.14 20.062,264 15.952,256.12 15.952,251.88 20.062,244 24.76,234.99 32.766,\
227.73 41.151,222.1", lp="32.562,254"];
	1 -> 2 [label=" 10.0", pos="e,62.282,38.111 71.846,187.94 69.743,155 65.418,87.234 62.931,48.281", lp="83.062,113"];
	1 -> 0 [color=blue, pos="e,65.701,282.56 65.701,225.44 65.586,231.36 65.899,237.96 66.062,244 66.302,252.89 66.302,255.11 66.062,264 65.988,266.74 65.884\
,269.59 65.802,272.44"];
	1 -> 3 [color=blue, pos="e,133.75,123.97 78.963,188.32 83.396,176.41 90.375,161.17 100.06,150 107.05,141.95 116.2,134.92 125.07,129.22"];
	3 -> 4 [color=blue, pos="e,209.22,36.132 167.98,95.759 177.88,81.448 192.1,60.885 203.33,44.643"];
	1 -> 2 [color=blue, pos="e,40.282,31.547 50.009,196.77 38.351,190.54 24.85,181.55 16.062,170 5.3374,155.91 6.7604,149.5 4.0623,132 -1.1372,98.269 -3.8578\
,84.405 15.062,56 19.616,49.163 25.828,42.98 32.214,37.711"];
	1 -> 0 [color=red, pos="e,82.759,282.94 82.759,225.06 83.573,231.08 83.896,237.83 84.062,244 84.302,252.89 84.302,255.11 84.062,264 83.984,266.89 83.872\
,269.91 83.69,272.93"];
}
